<?xml version="1.0" encoding="UTF-8"?>
<!-- Generated by org.testng.reporters.JUnitReportReporter -->
<testsuite hostname="SOH-SOLE-PRT.local" name="login.Tryathome" tests="1" failures="0" timestamp="29 Dec 2015 12:13:11 GMT" time="181.036" errors="0">
  <testcase name="start" time="181.036" classname="login.Tryathome"/>
</testsuite> <!-- login.Tryathome -->
