<?xml version="1.0" encoding="UTF-8"?>
<!-- Generated by org.testng.reporters.JUnitReportReporter -->
<testsuite hostname="FULL192-PRT.local" name="demoJenkins.DemoJenkinsJobs" tests="1" failures="0" timestamp="4 Jul 2016 11:07:56 GMT" time="0.015" errors="0">
  <testcase name="testjenkins" time="0.015" classname="demoJenkins.DemoJenkinsJobs"/>
</testsuite> <!-- demoJenkins.DemoJenkinsJobs -->
