<?xml version="1.0" encoding="UTF-8"?>
<!-- Generated by org.testng.reporters.JUnitReportReporter -->
<testsuite hostname="full192-prt.adapt.office" name="com.solestruck.Testcases.VerifyVaildLogin" tests="1" failures="0" timestamp="9 Jun 2016 11:44:47 GMT" time="26.275" errors="0">
  <testcase name="checkValidUser" time="26.275" classname="com.solestruck.Testcases.VerifyVaildLogin"/>
</testsuite> <!-- com.solestruck.Testcases.VerifyVaildLogin -->
